Array
(
    [0] => stdClass Object
        (
            [recid] => XX-4068
            [programcode] => MPS
            [programname] => Master of Pastoral Studies
            [reportseq] => 0
            [categorycode] => 0
            [categoryname] =>  
            [id] => 4068
            [classcategorycode] => XX
            [coursecode] => IS501
            [shorttitle] => Seminar on Nature of God
            [title] => Seminar on Nature of God (Dr. Stavrinides)
            [transfershorttitle] => 
            [transfertitle] => 
            [credittypecode] => CR
            [gradecode] => PAS
            [passfail] => PAS
            [coursehours] => 3
            [termyear] => 1995
            [termcode] => 0
            [completiondate] => 807235200
            [elective] => 0
            [electiveeligible] => 0
            [termname] => Special 1995
            [coursepermitted] => 0
            [coursesrequired] => 0
        )

    [1] => stdClass Object
        (
            [recid] => XX-2733
            [programcode] => MPS
            [programname] => Master of Pastoral Studies
            [reportseq] => 0
            [categorycode] => 0
            [categoryname] =>  
            [id] => 2733
            [classcategorycode] => XX
            [coursecode] => IS509
            [shorttitle] => Combined In-Service Classes
            [title] => IS01 H.S. Seminar, IS02 Biblical Interp. & IS06 Holy Spirit
            [transfershorttitle] => 
            [transfertitle] => 
            [credittypecode] => CR
            [gradecode] => PAS
            [passfail] => PAS
            [coursehours] => 3
            [termyear] => 1995
            [termcode] => 0
            [completiondate] => 1059696000
            [elective] => 0
            [electiveeligible] => 0
            [termname] => Special 1995
            [coursepermitted] => 0
            [coursesrequired] => 0
        )

    [2] => stdClass Object
        (
            [recid] => XX-3924
            [programcode] => MPS
            [programname] => Master of Pastoral Studies
            [reportseq] => 0
            [categorycode] => 0
            [categoryname] =>  
            [id] => 3924
            [classcategorycode] => XX
            [coursecode] => IS508
            [shorttitle] => Theology of Leadership
            [title] => Theology of Leadership
            [transfershorttitle] => 
            [transfertitle] => 
            [credittypecode] => CR
            [gradecode] => PAS
            [passfail] => PAS
            [coursehours] => 3
            [termyear] => 1996
            [termcode] => 0
            [completiondate] => 864950400
            [elective] => 0
            [electiveeligible] => 0
            [termname] => Special 1996
            [coursepermitted] => 0
            [coursesrequired] => 0
        )

    [3] => stdClass Object
        (
            [recid] => XX-3772
            [programcode] => MPS
            [programname] => Master of Pastoral Studies
            [reportseq] => 0
            [categorycode] => 0
            [categoryname] =>  
            [id] => 3772
            [classcategorycode] => XX
            [coursecode] => IS502
            [shorttitle] => Biblical Interpretation (1997)
            [title] => Biblical Interpretation, Holy Spirit (1997)
            [transfershorttitle] => 
            [transfertitle] => 
            [credittypecode] => CR
            [gradecode] => PAS
            [passfail] => PAS
            [coursehours] => 3
            [termyear] => 1997
            [termcode] => 0
            [completiondate] => 872726400
            [elective] => 0
            [electiveeligible] => 0
            [termname] => Special 1997
            [coursepermitted] => 0
            [coursesrequired] => 0
        )

    [4] => stdClass Object
        (
            [recid] => XX-3633
            [programcode] => MPS
            [programname] => Master of Pastoral Studies
            [reportseq] => 0
            [categorycode] => 0
            [categoryname] =>  
            [id] => 3633
            [classcategorycode] => XX
            [coursecode] => IS503
            [shorttitle] => Early Church History (1998)
            [title] => Early Church History (1998)
            [transfershorttitle] => 
            [transfertitle] => 
            [credittypecode] => CR
            [gradecode] => PAS
            [passfail] => PAS
            [coursehours] => 3
            [termyear] => 1997
            [termcode] => 0
            [completiondate] => 885945600
            [elective] => 0
            [electiveeligible] => 0
            [termname] => Special 1997
            [coursepermitted] => 0
            [coursesrequired] => 0
        )

    [5] => stdClass Object
        (
            [recid] => XX-3475
            [programcode] => MPS
            [programname] => Master of Pastoral Studies
            [reportseq] => 0
            [categorycode] => 0
            [categoryname] =>  
            [id] => 3475
            [classcategorycode] => XX
            [coursecode] => IS511
            [shorttitle] => Stewardship (1998)
            [title] => Stewardship (1998)
            [transfershorttitle] => 
            [transfertitle] => 
            [credittypecode] => CR
            [gradecode] => PAS
            [passfail] => PAS
            [coursehours] => 3
            [termyear] => 1998
            [termcode] => 0
            [completiondate] => 901929600
            [elective] => 0
            [electiveeligible] => 0
            [termname] => Special 1998
            [coursepermitted] => 0
            [coursesrequired] => 0
        )

    [6] => stdClass Object
        (
            [recid] => XX-3339
            [programcode] => MPS
            [programname] => Master of Pastoral Studies
            [reportseq] => 0
            [categorycode] => 0
            [categoryname] =>  
            [id] => 3339
            [classcategorycode] => XX
            [coursecode] => IS510
            [shorttitle] => Prophesy (1999)
            [title] => Prophesy (1999)
            [transfershorttitle] => 
            [transfertitle] => 
            [credittypecode] => CR
            [gradecode] => PAS
            [passfail] => PAS
            [coursehours] => 3
            [termyear] => 1999
            [termcode] => 0
            [completiondate] => 933465600
            [elective] => 0
            [electiveeligible] => 0
            [termname] => Special 1999
            [coursepermitted] => 0
            [coursesrequired] => 0
        )

    [7] => stdClass Object
        (
            [recid] => XX-3262
            [programcode] => MPS
            [programname] => Master of Pastoral Studies
            [reportseq] => 0
            [categorycode] => 0
            [categoryname] =>  
            [id] => 3262
            [classcategorycode] => XX
            [coursecode] => IS504
            [shorttitle] => Modern Church History (2000)
            [title] => Modern Church History (2000)
            [transfershorttitle] => 
            [transfertitle] => 
            [credittypecode] => CR
            [gradecode] => PAS
            [passfail] => PAS
            [coursehours] => 3
            [termyear] => 2000
            [termcode] => 0
            [completiondate] => 962928000
            [elective] => 0
            [electiveeligible] => 0
            [termname] => Special 2000
            [coursepermitted] => 0
            [coursesrequired] => 0
        )

    [8] => stdClass Object
        (
            [recid] => XX-2971
            [programcode] => MPS
            [programname] => Master of Pastoral Studies
            [reportseq] => 0
            [categorycode] => 0
            [categoryname] =>  
            [id] => 2971
            [classcategorycode] => XX
            [coursecode] => IS506
            [shorttitle] => Holy Spirit (2002)
            [title] => Holy Spirit (2002)
            [transfershorttitle] => 
            [transfertitle] => 
            [credittypecode] => CR
            [gradecode] => PAS
            [passfail] => PAS
            [coursehours] => 3
            [termyear] => 2002
            [termcode] => 0
            [completiondate] => 1028160000
            [elective] => 0
            [electiveeligible] => 0
            [termname] => Special 2002
            [coursepermitted] => 0
            [coursesrequired] => 0
        )

    [9] => stdClass Object
        (
            [recid] => XX-2602
            [programcode] => MPS
            [programname] => Master of Pastoral Studies
            [reportseq] => 0
            [categorycode] => 0
            [categoryname] =>  
            [id] => 2602
            [classcategorycode] => XX
            [coursecode] => IS505
            [shorttitle] => Caring for People God's Way
            [title] => Caring for People God's Way (2001)
            [transfershorttitle] => 
            [transfertitle] => 
            [credittypecode] => CR
            [gradecode] => PAS
            [passfail] => PAS
            [coursehours] => 3
            [termyear] => 2003
            [termcode] => 0
            [completiondate] => 1068163200
            [elective] => 0
            [electiveeligible] => 0
            [termname] => Special 2003
            [coursepermitted] => 0
            [coursesrequired] => 0
        )

    [10] => stdClass Object
        (
            [recid] => XX-2734
            [programcode] => MPS
            [programname] => Master of Pastoral Studies
            [reportseq] => 0
            [categorycode] => 0
            [categoryname] =>  
            [id] => 2734
            [classcategorycode] => XX
            [coursecode] => IS507
            [shorttitle] => Preaching (2003)
            [title] => Preaching (2003)
            [transfershorttitle] => 
            [transfertitle] => 
            [credittypecode] => CR
            [gradecode] => PAS
            [passfail] => PAS
            [coursehours] => 3
            [termyear] => 2003
            [termcode] => 0
            [completiondate] => 1059696000
            [elective] => 0
            [electiveeligible] => 0
            [termname] => Special 2003
            [coursepermitted] => 0
            [coursesrequired] => 0
        )

    [11] => stdClass Object
        (
            [recid] => 6-2204
            [programcode] => MPS
            [programname] => Master of Pastoral Studies
            [reportseq] => 10
            [categorycode] => TH
            [categoryname] => Theology
            [id] => 2204
            [classcategorycode] => TH
            [coursecode] => TH502
            [shorttitle] => Nature of Humans and Salvation
            [title] => Jesus Christ, the Nature of Humans and Salvation
            [transfershorttitle] => 
            [transfertitle] => 
            [credittypecode] => CR
            [gradecode] => A
            [passfail] => PAS
            [coursehours] => 3
            [termyear] => 2008
            [termcode] => 1
            [completiondate] => 1208304000
            [elective] => 0
            [electiveeligible] => 1
            [termname] => Spring 2008
            [coursepermitted] => 1
            [coursesrequired] => 3
        )

    [12] => stdClass Object
        (
            [recid] => 7-2331
            [programcode] => MPS
            [programname] => Master of Pastoral Studies
            [reportseq] => 20
            [categorycode] => BS
            [categoryname] => Biblical Studies
            [id] => 2331
            [classcategorycode] => BS
            [coursecode] => NT503
            [shorttitle] => Acts of the Apostles
            [title] => Acts of the Apostles
            [transfershorttitle] => 
            [transfertitle] => 
            [credittypecode] => CR
            [gradecode] => PAS
            [passfail] => PAS
            [coursehours] => 3
            [termyear] => 2007
            [termcode] => 1
            [completiondate] => 1177545600
            [elective] => 0
            [electiveeligible] => 1
            [termname] => Spring 2007
            [coursepermitted] => 1
            [coursesrequired] => 3
        )

    [13] => stdClass Object
        (
            [recid] => 8-1917
            [programcode] => MPS
            [programname] => Master of Pastoral Studies
            [reportseq] => 30
            [categorycode] => CH
            [categoryname] => Church History
            [id] => 1917
            [classcategorycode] => CH
            [coursecode] => CH501
            [shorttitle] => Church History: The First Millennium
            [title] => Church History: The First Millennium
            [transfershorttitle] => 
            [transfertitle] => 
            [credittypecode] => CR
            [gradecode] => A
            [passfail] => PAS
            [coursehours] => 3
            [termyear] => 2010
            [termcode] => 1
            [completiondate] => 1271289600
            [elective] => 0
            [electiveeligible] => 1
            [termname] => Spring 2010
            [coursepermitted] => 1
            [coursesrequired] => 1
        )

    [14] => stdClass Object
        (
            [recid] => 9- 
            [programcode] => MPS
            [programname] => Master of Pastoral Studies
            [reportseq] => 40
            [categorycode] => CM
            [categoryname] => Christian Ministry
            [id] => 0
            [classcategorycode] =>  
            [coursecode] => 
            [shorttitle] => 
            [title] => 
            [transfershorttitle] => 
            [transfertitle] => 
            [credittypecode] => 
            [gradecode] => 
            [passfail] => 
            [coursehours] => 0
            [termyear] => 0
            [termcode] => 0
            [completiondate] => 0
            [elective] => 0
            [electiveeligible] => 0
            [termname] => 
            [coursepermitted] => 0
            [coursesrequired] => 4
        )

    [15] => stdClass Object
        (
            [recid] => 13- 
            [programcode] => MPS
            [programname] => Master of Pastoral Studies
            [reportseq] => 50
            [categorycode] => EL
            [categoryname] => Elective
            [id] => 0
            [classcategorycode] =>  
            [coursecode] => 
            [shorttitle] => 
            [title] => 
            [transfershorttitle] => 
            [transfertitle] => 
            [credittypecode] => 
            [gradecode] => 
            [passfail] => 
            [coursehours] => 0
            [termyear] => 0
            [termcode] => 0
            [completiondate] => 0
            [elective] => 0
            [electiveeligible] => 0
            [termname] => 
            [coursepermitted] => 0
            [coursesrequired] => 2
        )

    [16] => stdClass Object
        (
            [recid] => 22- 
            [programcode] => MPS
            [programname] => Master of Pastoral Studies
            [reportseq] => 60
            [categorycode] => FE
            [categoryname] => Field Education
            [id] => 0
            [classcategorycode] =>  
            [coursecode] => 
            [shorttitle] => 
            [title] => 
            [transfershorttitle] => 
            [transfertitle] => 
            [credittypecode] => 
            [gradecode] => 
            [passfail] => 
            [coursehours] => 0
            [termyear] => 0
            [termcode] => 0
            [completiondate] => 0
            [elective] => 0
            [electiveeligible] => 0
            [termname] => 
            [coursepermitted] => 0
            [coursesrequired] => 0
        )

    [17] => stdClass Object
        (
            [recid] => 10- 
            [programcode] => MPS
            [programname] => Master of Pastoral Studies
            [reportseq] => 99
            [categorycode] => TM
            [categoryname] => Masters Capstone
            [id] => 0
            [classcategorycode] =>  
            [coursecode] => 
            [shorttitle] => 
            [title] => 
            [transfershorttitle] => 
            [transfertitle] => 
            [credittypecode] => 
            [gradecode] => 
            [passfail] => 
            [coursehours] => 0
            [termyear] => 0
            [termcode] => 0
            [completiondate] => 0
            [elective] => 0
            [electiveeligible] => 0
            [termname] => 
            [coursepermitted] => 0
            [coursesrequired] => 1
        )

)
------------------------------------------------------------------------------------------
Key: 0, Cat: 0, Count: 17
Key: 1, Cat: 0, Count: 17
Key: 2, Cat: 0, Count: 17
Key: 3, Cat: 0, Count: 17
Key: 4, Cat: 0, Count: 17
Key: 5, Cat: 0, Count: 17
Key: 6, Cat: 0, Count: 17
Key: 7, Cat: 0, Count: 17
Key: 8, Cat: 0, Count: 17
Key: 9, Cat: 0, Count: 17
Key: 10, Cat: 0, Count: 17
Key: 11, Cat: TH, Count: 17
Key: 12, Cat: BS, Count: 17
Key: 13, Cat: CH, Count: 17
Key: 14, Cat: CM, Count: 17
Key: 15, Cat: EL, Count: 17
Key: 16, Cat: FE, Count: 17
Key: 17, Cat: TM, Count: 17
Array
(
    [0] => stdClass Object
        (
            [recid] => 6-2204
            [programcode] => MPS
            [programname] => Master of Pastoral Studies
            [reportseq] => 10
            [categorycode] => TH
            [categoryname] => Theology
            [id] => 2204
            [classcategorycode] => TH
            [coursecode] => TH502
            [shorttitle] => Nature of Humans and Salvation
            [title] => Jesus Christ, the Nature of Humans and Salvation
            [transfershorttitle] => 
            [transfertitle] => 
            [credittypecode] => CR
            [gradecode] => A
            [passfail] => PAS
            [coursehours] => 3
            [termyear] => 2008
            [termcode] => 1
            [completiondate] => 1208304000
            [elective] => 
            [electiveeligible] => 1
            [termname] => Spring 2008
            [coursepermitted] => 1
            [coursesrequired] => 3
        )

    [1] => Array
        (
            [programcode] => MPS
            [programname] => Master of Pastoral Studies
            [reportseq] => 10
            [categorycode] => TH
            [categoryname] => Theology
            [classcategorycode] => TH
            [coursecode] => 
            [shorttitle] => 
            [title] => 
            [transfershorttitle] => 
            [transfertitle] => 
            [credittypecode] => 
            [gradecode] => 
            [passfail] => 
            [coursehours] => 0
            [termyear] => 0
            [termcode] => 
            [completiondate] => 0
            [elective] => 
            [electiveeligible] => 
            [termname] => 
            [coursepermitted] => 
            [coursesrequired] => 3
        )

    [2] => Array
        (
            [programcode] => MPS
            [programname] => Master of Pastoral Studies
            [reportseq] => 10
            [categorycode] => TH
            [categoryname] => Theology
            [classcategorycode] => TH
            [coursecode] => 
            [shorttitle] => 
            [title] => 
            [transfershorttitle] => 
            [transfertitle] => 
            [credittypecode] => 
            [gradecode] => 
            [passfail] => 
            [coursehours] => 0
            [termyear] => 0
            [termcode] => 
            [completiondate] => 0
            [elective] => 
            [electiveeligible] => 
            [termname] => 
            [coursepermitted] => 
            [coursesrequired] => 3
        )

    [3] => stdClass Object
        (
            [recid] => 7-2331
            [programcode] => MPS
            [programname] => Master of Pastoral Studies
            [reportseq] => 20
            [categorycode] => BS
            [categoryname] => Biblical Studies
            [id] => 2331
            [classcategorycode] => BS
            [coursecode] => NT503
            [shorttitle] => Acts of the Apostles
            [title] => Acts of the Apostles
            [transfershorttitle] => 
            [transfertitle] => 
            [credittypecode] => CR
            [gradecode] => PAS
            [passfail] => PAS
            [coursehours] => 3
            [termyear] => 2007
            [termcode] => 1
            [completiondate] => 1177545600
            [elective] => 
            [electiveeligible] => 1
            [termname] => Spring 2007
            [coursepermitted] => 1
            [coursesrequired] => 3
        )

    [4] => Array
        (
            [programcode] => MPS
            [programname] => Master of Pastoral Studies
            [reportseq] => 20
            [categorycode] => BS
            [categoryname] => Biblical Studies
            [classcategorycode] => BS
            [coursecode] => 
            [shorttitle] => 
            [title] => 
            [transfershorttitle] => 
            [transfertitle] => 
            [credittypecode] => 
            [gradecode] => 
            [passfail] => 
            [coursehours] => 0
            [termyear] => 0
            [termcode] => 
            [completiondate] => 0
            [elective] => 
            [electiveeligible] => 
            [termname] => 
            [coursepermitted] => 
            [coursesrequired] => 3
        )

    [5] => Array
        (
            [programcode] => MPS
            [programname] => Master of Pastoral Studies
            [reportseq] => 20
            [categorycode] => BS
            [categoryname] => Biblical Studies
            [classcategorycode] => BS
            [coursecode] => 
            [shorttitle] => 
            [title] => 
            [transfershorttitle] => 
            [transfertitle] => 
            [credittypecode] => 
            [gradecode] => 
            [passfail] => 
            [coursehours] => 0
            [termyear] => 0
            [termcode] => 
            [completiondate] => 0
            [elective] => 
            [electiveeligible] => 
            [termname] => 
            [coursepermitted] => 
            [coursesrequired] => 3
        )

    [6] => stdClass Object
        (
            [recid] => 8-1917
            [programcode] => MPS
            [programname] => Master of Pastoral Studies
            [reportseq] => 30
            [categorycode] => CH
            [categoryname] => Church History
            [id] => 1917
            [classcategorycode] => CH
            [coursecode] => CH501
            [shorttitle] => Church History: The First Millennium
            [title] => Church History: The First Millennium
            [transfershorttitle] => 
            [transfertitle] => 
            [credittypecode] => CR
            [gradecode] => A
            [passfail] => PAS
            [coursehours] => 3
            [termyear] => 2010
            [termcode] => 1
            [completiondate] => 1271289600
            [elective] => 
            [electiveeligible] => 1
            [termname] => Spring 2010
            [coursepermitted] => 1
            [coursesrequired] => 1
        )

    [7] => Array
        (
            [programcode] => MPS
            [programname] => Master of Pastoral Studies
            [reportseq] => 40
            [categorycode] => CM
            [categoryname] => Christian Ministry
            [classcategorycode] =>  
            [coursecode] => 
            [shorttitle] => 
            [title] => 
            [transfershorttitle] => 
            [transfertitle] => 
            [credittypecode] => 
            [gradecode] => 
            [passfail] => 
            [coursehours] => 0
            [termyear] => 0
            [termcode] => 
            [completiondate] => 0
            [elective] => 
            [electiveeligible] => 
            [termname] => 
            [coursepermitted] => 
            [coursesrequired] => 4
        )

    [8] => Array
        (
            [programcode] => MPS
            [programname] => Master of Pastoral Studies
            [reportseq] => 40
            [categorycode] => CM
            [categoryname] => Christian Ministry
            [classcategorycode] =>  
            [coursecode] => 
            [shorttitle] => 
            [title] => 
            [transfershorttitle] => 
            [transfertitle] => 
            [credittypecode] => 
            [gradecode] => 
            [passfail] => 
            [coursehours] => 0
            [termyear] => 0
            [termcode] => 
            [completiondate] => 0
            [elective] => 
            [electiveeligible] => 
            [termname] => 
            [coursepermitted] => 
            [coursesrequired] => 4
        )

    [9] => Array
        (
            [programcode] => MPS
            [programname] => Master of Pastoral Studies
            [reportseq] => 40
            [categorycode] => CM
            [categoryname] => Christian Ministry
            [classcategorycode] =>  
            [coursecode] => 
            [shorttitle] => 
            [title] => 
            [transfershorttitle] => 
            [transfertitle] => 
            [credittypecode] => 
            [gradecode] => 
            [passfail] => 
            [coursehours] => 0
            [termyear] => 0
            [termcode] => 
            [completiondate] => 0
            [elective] => 
            [electiveeligible] => 
            [termname] => 
            [coursepermitted] => 
            [coursesrequired] => 4
        )

    [10] => Array
        (
            [programcode] => MPS
            [programname] => Master of Pastoral Studies
            [reportseq] => 40
            [categorycode] => CM
            [categoryname] => Christian Ministry
            [classcategorycode] =>  
            [coursecode] => 
            [shorttitle] => 
            [title] => 
            [transfershorttitle] => 
            [transfertitle] => 
            [credittypecode] => 
            [gradecode] => 
            [passfail] => 
            [coursehours] => 0
            [termyear] => 0
            [termcode] => 
            [completiondate] => 0
            [elective] => 
            [electiveeligible] => 
            [termname] => 
            [coursepermitted] => 
            [coursesrequired] => 4
        )

    [11] => Array
        (
            [programcode] => MPS
            [programname] => Master of Pastoral Studies
            [reportseq] => 50
            [categorycode] => EL
            [categoryname] => Elective
            [classcategorycode] =>  
            [coursecode] => 
            [shorttitle] => 
            [title] => 
            [transfershorttitle] => 
            [transfertitle] => 
            [credittypecode] => 
            [gradecode] => 
            [passfail] => 
            [coursehours] => 0
            [termyear] => 0
            [termcode] => 
            [completiondate] => 0
            [elective] => 
            [electiveeligible] => 
            [termname] => 
            [coursepermitted] => 
            [coursesrequired] => 2
        )

    [12] => Array
        (
            [programcode] => MPS
            [programname] => Master of Pastoral Studies
            [reportseq] => 50
            [categorycode] => EL
            [categoryname] => Elective
            [classcategorycode] =>  
            [coursecode] => 
            [shorttitle] => 
            [title] => 
            [transfershorttitle] => 
            [transfertitle] => 
            [credittypecode] => 
            [gradecode] => 
            [passfail] => 
            [coursehours] => 0
            [termyear] => 0
            [termcode] => 
            [completiondate] => 0
            [elective] => 
            [electiveeligible] => 
            [termname] => 
            [coursepermitted] => 
            [coursesrequired] => 2
        )

    [13] => Array
        (
            [programcode] => MPS
            [programname] => Master of Pastoral Studies
            [reportseq] => 99
            [categorycode] => TM
            [categoryname] => Masters Capstone
            [classcategorycode] =>  
            [coursecode] => 
            [shorttitle] => 
            [title] => 
            [transfershorttitle] => 
            [transfertitle] => 
            [credittypecode] => 
            [gradecode] => 
            [passfail] => 
            [coursehours] => 0
            [termyear] => 0
            [termcode] => 
            [completiondate] => 0
            [elective] => 
            [electiveeligible] => 
            [termname] => 
            [coursepermitted] => 
            [coursesrequired] => 1
        )

    [14] => stdClass Object
        (
            [recid] => XX-4068
            [programcode] => MPS
            [programname] => Master of Pastoral Studies
            [reportseq] => 0
            [categorycode] => XX
            [categoryname] => Additional Courses taken towards subsequent GCS programs
            [id] => 4068
            [classcategorycode] => XX
            [coursecode] => IS501
            [shorttitle] => Seminar on Nature of God
            [title] => Seminar on Nature of God (Dr. Stavrinides)
            [transfershorttitle] => 
            [transfertitle] => 
            [credittypecode] => CR
            [gradecode] => PAS
            [passfail] => PAS
            [coursehours] => 3
            [termyear] => 1995
            [termcode] => 0
            [completiondate] => 807235200
            [elective] => 
            [electiveeligible] => 
            [termname] => Special 1995
            [coursepermitted] => 
            [coursesrequired] => 0
        )

    [15] => stdClass Object
        (
            [recid] => XX-2733
            [programcode] => MPS
            [programname] => Master of Pastoral Studies
            [reportseq] => 0
            [categorycode] => XX
            [categoryname] => Additional Courses taken towards subsequent GCS programs
            [id] => 2733
            [classcategorycode] => XX
            [coursecode] => IS509
            [shorttitle] => Combined In-Service Classes
            [title] => IS01 H.S. Seminar, IS02 Biblical Interp. & IS06 Holy Spirit
            [transfershorttitle] => 
            [transfertitle] => 
            [credittypecode] => CR
            [gradecode] => PAS
            [passfail] => PAS
            [coursehours] => 3
            [termyear] => 1995
            [termcode] => 0
            [completiondate] => 1059696000
            [elective] => 
            [electiveeligible] => 
            [termname] => Special 1995
            [coursepermitted] => 
            [coursesrequired] => 0
        )

    [16] => stdClass Object
        (
            [recid] => XX-3924
            [programcode] => MPS
            [programname] => Master of Pastoral Studies
            [reportseq] => 0
            [categorycode] => XX
            [categoryname] => Additional Courses taken towards subsequent GCS programs
            [id] => 3924
            [classcategorycode] => XX
            [coursecode] => IS508
            [shorttitle] => Theology of Leadership
            [title] => Theology of Leadership
            [transfershorttitle] => 
            [transfertitle] => 
            [credittypecode] => CR
            [gradecode] => PAS
            [passfail] => PAS
            [coursehours] => 3
            [termyear] => 1996
            [termcode] => 0
            [completiondate] => 864950400
            [elective] => 
            [electiveeligible] => 
            [termname] => Special 1996
            [coursepermitted] => 
            [coursesrequired] => 0
        )

    [17] => stdClass Object
        (
            [recid] => XX-3772
            [programcode] => MPS
            [programname] => Master of Pastoral Studies
            [reportseq] => 0
            [categorycode] => XX
            [categoryname] => Additional Courses taken towards subsequent GCS programs
            [id] => 3772
            [classcategorycode] => XX
            [coursecode] => IS502
            [shorttitle] => Biblical Interpretation (1997)
            [title] => Biblical Interpretation, Holy Spirit (1997)
            [transfershorttitle] => 
            [transfertitle] => 
            [credittypecode] => CR
            [gradecode] => PAS
            [passfail] => PAS
            [coursehours] => 3
            [termyear] => 1997
            [termcode] => 0
            [completiondate] => 872726400
            [elective] => 
            [electiveeligible] => 
            [termname] => Special 1997
            [coursepermitted] => 
            [coursesrequired] => 0
        )

    [18] => stdClass Object
        (
            [recid] => XX-3633
            [programcode] => MPS
            [programname] => Master of Pastoral Studies
            [reportseq] => 0
            [categorycode] => XX
            [categoryname] => Additional Courses taken towards subsequent GCS programs
            [id] => 3633
            [classcategorycode] => XX
            [coursecode] => IS503
            [shorttitle] => Early Church History (1998)
            [title] => Early Church History (1998)
            [transfershorttitle] => 
            [transfertitle] => 
            [credittypecode] => CR
            [gradecode] => PAS
            [passfail] => PAS
            [coursehours] => 3
            [termyear] => 1997
            [termcode] => 0
            [completiondate] => 885945600
            [elective] => 
            [electiveeligible] => 
            [termname] => Special 1997
            [coursepermitted] => 
            [coursesrequired] => 0
        )

    [19] => stdClass Object
        (
            [recid] => XX-3475
            [programcode] => MPS
            [programname] => Master of Pastoral Studies
            [reportseq] => 0
            [categorycode] => XX
            [categoryname] => Additional Courses taken towards subsequent GCS programs
            [id] => 3475
            [classcategorycode] => XX
            [coursecode] => IS511
            [shorttitle] => Stewardship (1998)
            [title] => Stewardship (1998)
            [transfershorttitle] => 
            [transfertitle] => 
            [credittypecode] => CR
            [gradecode] => PAS
            [passfail] => PAS
            [coursehours] => 3
            [termyear] => 1998
            [termcode] => 0
            [completiondate] => 901929600
            [elective] => 
            [electiveeligible] => 
            [termname] => Special 1998
            [coursepermitted] => 
            [coursesrequired] => 0
        )

    [20] => stdClass Object
        (
            [recid] => XX-3339
            [programcode] => MPS
            [programname] => Master of Pastoral Studies
            [reportseq] => 0
            [categorycode] => XX
            [categoryname] => Additional Courses taken towards subsequent GCS programs
            [id] => 3339
            [classcategorycode] => XX
            [coursecode] => IS510
            [shorttitle] => Prophesy (1999)
            [title] => Prophesy (1999)
            [transfershorttitle] => 
            [transfertitle] => 
            [credittypecode] => CR
            [gradecode] => PAS
            [passfail] => PAS
            [coursehours] => 3
            [termyear] => 1999
            [termcode] => 0
            [completiondate] => 933465600
            [elective] => 
            [electiveeligible] => 
            [termname] => Special 1999
            [coursepermitted] => 
            [coursesrequired] => 0
        )

    [21] => stdClass Object
        (
            [recid] => XX-3262
            [programcode] => MPS
            [programname] => Master of Pastoral Studies
            [reportseq] => 0
            [categorycode] => XX
            [categoryname] => Additional Courses taken towards subsequent GCS programs
            [id] => 3262
            [classcategorycode] => XX
            [coursecode] => IS504
            [shorttitle] => Modern Church History (2000)
            [title] => Modern Church History (2000)
            [transfershorttitle] => 
            [transfertitle] => 
            [credittypecode] => CR
            [gradecode] => PAS
            [passfail] => PAS
            [coursehours] => 3
            [termyear] => 2000
            [termcode] => 0
            [completiondate] => 962928000
            [elective] => 
            [electiveeligible] => 
            [termname] => Special 2000
            [coursepermitted] => 
            [coursesrequired] => 0
        )

    [22] => stdClass Object
        (
            [recid] => XX-2971
            [programcode] => MPS
            [programname] => Master of Pastoral Studies
            [reportseq] => 0
            [categorycode] => XX
            [categoryname] => Additional Courses taken towards subsequent GCS programs
            [id] => 2971
            [classcategorycode] => XX
            [coursecode] => IS506
            [shorttitle] => Holy Spirit (2002)
            [title] => Holy Spirit (2002)
            [transfershorttitle] => 
            [transfertitle] => 
            [credittypecode] => CR
            [gradecode] => PAS
            [passfail] => PAS
            [coursehours] => 3
            [termyear] => 2002
            [termcode] => 0
            [completiondate] => 1028160000
            [elective] => 
            [electiveeligible] => 
            [termname] => Special 2002
            [coursepermitted] => 
            [coursesrequired] => 0
        )

    [23] => stdClass Object
        (
            [recid] => XX-2602
            [programcode] => MPS
            [programname] => Master of Pastoral Studies
            [reportseq] => 0
            [categorycode] => XX
            [categoryname] => Additional Courses taken towards subsequent GCS programs
            [id] => 2602
            [classcategorycode] => XX
            [coursecode] => IS505
            [shorttitle] => Caring for People God's Way
            [title] => Caring for People God's Way (2001)
            [transfershorttitle] => 
            [transfertitle] => 
            [credittypecode] => CR
            [gradecode] => PAS
            [passfail] => PAS
            [coursehours] => 3
            [termyear] => 2003
            [termcode] => 0
            [completiondate] => 1068163200
            [elective] => 
            [electiveeligible] => 
            [termname] => Special 2003
            [coursepermitted] => 
            [coursesrequired] => 0
        )

    [24] => stdClass Object
        (
            [recid] => XX-2734
            [programcode] => MPS
            [programname] => Master of Pastoral Studies
            [reportseq] => 0
            [categorycode] => XX
            [categoryname] => Additional Courses taken towards subsequent GCS programs
            [id] => 2734
            [classcategorycode] => XX
            [coursecode] => IS507
            [shorttitle] => Preaching (2003)
            [title] => Preaching (2003)
            [transfershorttitle] => 
            [transfertitle] => 
            [credittypecode] => CR
            [gradecode] => PAS
            [passfail] => PAS
            [coursehours] => 3
            [termyear] => 2003
            [termcode] => 0
            [completiondate] => 1059696000
            [elective] => 
            [electiveeligible] => 
            [termname] => Special 2003
            [coursepermitted] => 
            [coursesrequired] => 0
        )

)
